<?xml version="1.0" encoding="UTF-8" ?>
<testsuite tests="70" failures="20" name="TestSuite" time="3.539" errors="0" skipped="50">
  <properties>
    <property name="java.runtime.name" value="Java(TM) SE Runtime Environment"/>
    <property name="sun.boot.library.path" value="C:\Program Files\Java\jdk1.8.0_91\jre\bin"/>
    <property name="java.vm.version" value="25.91-b15"/>
    <property name="java.vm.vendor" value="Oracle Corporation"/>
    <property name="maven.multiModuleProjectDirectory" value="C:\Users\ratib_000\Documents\Work\IIN\marketingRegression"/>
    <property name="java.vendor.url" value="http://java.oracle.com/"/>
    <property name="path.separator" value=";"/>
    <property name="guice.disable.misplaced.annotation.check" value="true"/>
    <property name="java.vm.name" value="Java HotSpot(TM) 64-Bit Server VM"/>
    <property name="file.encoding.pkg" value="sun.io"/>
    <property name="user.script" value=""/>
    <property name="user.country" value="ES"/>
    <property name="sun.java.launcher" value="SUN_STANDARD"/>
    <property name="sun.os.patch.level" value=""/>
    <property name="java.vm.specification.name" value="Java Virtual Machine Specification"/>
    <property name="user.dir" value="C:\Users\ratib_000\Documents\Work\IIN\marketingRegression"/>
    <property name="java.runtime.version" value="1.8.0_91-b15"/>
    <property name="java.awt.graphicsenv" value="sun.awt.Win32GraphicsEnvironment"/>
    <property name="java.endorsed.dirs" value="C:\Program Files\Java\jdk1.8.0_91\jre\lib\endorsed"/>
    <property name="os.arch" value="amd64"/>
    <property name="java.io.tmpdir" value="C:\Users\RATIB_~1\AppData\Local\Temp\"/>
    <property name="line.separator" value="
"/>
    <property name="java.vm.specification.vendor" value="Oracle Corporation"/>
    <property name="user.variant" value=""/>
    <property name="os.name" value="Windows 10"/>
    <property name="classworlds.conf" value="C:\Users\ratib_000\workspace\.metadata\.plugins\org.eclipse.m2e.launching\launches\m2conf1514887446934046709.tmp"/>
    <property name="sun.jnu.encoding" value="Cp1252"/>
    <property name="java.library.path" value="C:\Program Files\Java\jdk1.8.0_91\bin;C:\WINDOWS\Sun\Java\bin;C:\WINDOWS\system32;C:\WINDOWS;C:/Program Files/Java/jre1.8.0_91/bin/server;C:/Program Files/Java/jre1.8.0_91/bin;C:/Program Files/Java/jre1.8.0_91/lib/amd64;C:\ProgramData\Oracle\Java\javapath;C:\Program Files (x86)\Intel\iCLS Client\;C:\Program Files\Intel\iCLS Client\;C:\WINDOWS\system32;C:\WINDOWS;C:\WINDOWS\System32\Wbem;C:\WINDOWS\System32\WindowsPowerShell\v1.0\;C:\Program Files (x86)\Intel\OpenCL SDK\2.0\bin\x86;C:\Program Files (x86)\Intel\OpenCL SDK\2.0\bin\x64;C:\Program Files\Intel\Intel(R) Management Engine Components\DAL;C:\Program Files\Intel\Intel(R) Management Engine Components\IPT;C:\Program Files (x86)\Intel\Intel(R) Management Engine Components\DAL;C:\Program Files (x86)\Intel\Intel(R) Management Engine Components\IPT;C:\Users\ratib_000\.dnx\bin;C:\Program Files\Microsoft DNX\Dnvm\;C:\Program Files\Microsoft SQL Server\120\Tools\Binn\;C:\Program Files\Microsoft SQL Server\Client SDK\ODBC\110\Tools\Binn\;C:\Program Files (x86)\Microsoft SQL Server\120\Tools\Binn\;C:\Program Files\Microsoft SQL Server\120\DTS\Binn\;C:\Program Files (x86)\Microsoft SQL Server\120\Tools\Binn\ManagementStudio\;C:\Program Files (x86)\Microsoft SQL Server\120\DTS\Binn\;C:\Program Files (x86)\Windows Kits\8.1\Windows Performance Toolkit\;C:\Program Files\Git\cmd;C:\Program Files\Git\mingw64\bin;C:\Program Files\Git\usr\bin;C:\Program Files (x86)\DevDesktop\drush;C:\Users\ratib_000\Documents\Work\IIN\apache-maven-3.3.9\bin;C:\WINDOWS\system32;;."/>
    <property name="java.specification.name" value="Java Platform API Specification"/>
    <property name="java.class.version" value="52.0"/>
    <property name="sun.management.compiler" value="HotSpot 64-Bit Tiered Compilers"/>
    <property name="os.version" value="10.0"/>
    <property name="user.home" value="C:\Users\ratib_000"/>
    <property name="user.timezone" value="GMT-04:00"/>
    <property name="java.awt.printerjob" value="sun.awt.windows.WPrinterJob"/>
    <property name="java.specification.version" value="1.8"/>
    <property name="file.encoding" value="Cp1252"/>
    <property name="user.name" value="ratib_000"/>
    <property name="java.class.path" value="/C:/Users/ratib_000/eclipse/testing-neon/eclipse/../../../.p2/pool/plugins/org.eclipse.m2e.maven.runtime_1.7.0.20160603-1931/jars/plexus-classworlds-2.5.2.jar"/>
    <property name="java.vm.specification.version" value="1.8"/>
    <property name="sun.arch.data.model" value="64"/>
    <property name="java.home" value="C:\Program Files\Java\jdk1.8.0_91\jre"/>
    <property name="sun.java.command" value="org.codehaus.plexus.classworlds.launcher.Launcher -B install"/>
    <property name="java.specification.vendor" value="Oracle Corporation"/>
    <property name="user.language" value="es"/>
    <property name="awt.toolkit" value="sun.awt.windows.WToolkit"/>
    <property name="java.vm.info" value="mixed mode"/>
    <property name="java.version" value="1.8.0_91"/>
    <property name="java.ext.dirs" value="C:\Program Files\Java\jdk1.8.0_91\jre\lib\ext;C:\WINDOWS\Sun\Java\lib\ext"/>
    <property name="sun.boot.class.path" value="C:\Program Files\Java\jdk1.8.0_91\jre\lib\resources.jar;C:\Program Files\Java\jdk1.8.0_91\jre\lib\rt.jar;C:\Program Files\Java\jdk1.8.0_91\jre\lib\sunrsasign.jar;C:\Program Files\Java\jdk1.8.0_91\jre\lib\jsse.jar;C:\Program Files\Java\jdk1.8.0_91\jre\lib\jce.jar;C:\Program Files\Java\jdk1.8.0_91\jre\lib\charsets.jar;C:\Program Files\Java\jdk1.8.0_91\jre\lib\jfr.jar;C:\Program Files\Java\jdk1.8.0_91\jre\classes"/>
    <property name="java.vendor" value="Oracle Corporation"/>
    <property name="maven.home" value="C:\Users\ratib_000\Documents\Work\IIN\marketingRegression\EMBEDDED"/>
    <property name="file.separator" value="\"/>
    <property name="java.vendor.url.bug" value="http://bugreport.sun.com/bugreport/"/>
    <property name="sun.cpu.endian" value="little"/>
    <property name="sun.io.unicode.encoding" value="UnicodeLittle"/>
    <property name="sun.desktop" value="windows"/>
    <property name="sun.cpu.isalist" value="amd64"/>
  </properties>
  <testcase classname="testScripts.BlogTest" name="openBlogLanding" time="3.488">
    <failure type="java.lang.NullPointerException">java.lang.NullPointerException
	at testScripts.BlogTest.openBlogLanding(BlogTest.java:14)
</failure>
    <system-out>Configuring TestNG with: org.apache.maven.surefire.testng.conf.TestNG652Configurator@9e89d68
</system-out>
  </testcase>
  <testcase classname="testScripts.BlogTest" name="submitFormNoPhone" time="0">
    <skipped/>
  </testcase>
  <testcase classname="testScripts.CurriculumPageTest" name="openHomepage" time="0">
    <failure type="java.lang.NullPointerException">java.lang.NullPointerException
	at testScripts.CurriculumPageTest.openHomepage(CurriculumPageTest.java:15)
</failure>
  </testcase>
  <testcase classname="testScripts.CurriculumPageTest" name="submitFormNoPhone" time="0">
    <skipped/>
  </testcase>
  <testcase classname="testScripts.CurriculumPageTest" name="openHomepage" time="0">
    <skipped/>
  </testcase>
  <testcase classname="testScripts.CurriculumPageTest" name="submitFormWithPhone" time="0">
    <skipped/>
  </testcase>
  <testcase classname="testScripts.FooterSocialMediaTest" name="footerOpenGetSocial" time="0">
    <failure type="java.lang.NullPointerException">java.lang.NullPointerException
	at objectRepository.Footer.clickFacebookIcon(Footer.java:224)
	at testScripts.FooterSocialMediaTest.footerOpenGetSocial(FooterSocialMediaTest.java:129)
</failure>
  </testcase>
  <testcase classname="testScripts.HeaderTest" name="headerAboutUs" time="0">
    <failure type="java.lang.NullPointerException">java.lang.NullPointerException
	at org.openqa.selenium.interactions.Actions.&lt;init&gt;(Actions.java:44)
	at testScripts.HeaderTest.headerAboutUs(HeaderTest.java:127)
</failure>
  </testcase>
  <testcase classname="testScripts.HeaderTest" name="headerContactUs" time="0">
    <failure type="java.lang.NullPointerException">java.lang.NullPointerException
	at objectRepository.Header.clickContactUsIcon(Header.java:78)
	at testScripts.HeaderTest.headerContactUs(HeaderTest.java:52)
</failure>
  </testcase>
  <testcase classname="testScripts.HeaderTest" name="headerCurric" time="0">
    <failure type="java.lang.NullPointerException">java.lang.NullPointerException
	at org.openqa.selenium.interactions.Actions.&lt;init&gt;(Actions.java:44)
	at testScripts.HeaderTest.headerCurric(HeaderTest.java:64)
</failure>
  </testcase>
  <testcase classname="testScripts.HeaderTest" name="headerHealthCoach" time="0">
    <failure type="java.lang.NullPointerException">java.lang.NullPointerException
	at org.openqa.selenium.interactions.Actions.&lt;init&gt;(Actions.java:44)
	at testScripts.HeaderTest.headerHealthCoach(HeaderTest.java:105)
</failure>
  </testcase>
  <testcase classname="testScripts.HeaderTest" name="headerHomeIcon" time="0">
    <failure type="java.lang.NullPointerException">java.lang.NullPointerException
	at objectRepository.Header.clickHomeIcon(Header.java:24)
	at testScripts.HeaderTest.headerHomeIcon(HeaderTest.java:41)
</failure>
  </testcase>
  <testcase classname="testScripts.HeaderTest" name="headerInfoSess" time="0">
    <failure type="java.lang.NullPointerException">java.lang.NullPointerException
	at org.openqa.selenium.interactions.Actions.&lt;init&gt;(Actions.java:44)
	at testScripts.HeaderTest.headerInfoSess(HeaderTest.java:85)
</failure>
  </testcase>
  <testcase classname="testScripts.HeaderTest" name="headerPhone" time="0">
    <failure type="java.lang.NullPointerException">java.lang.NullPointerException
	at testScripts.HeaderTest.headerPhone(HeaderTest.java:17)
</failure>
  </testcase>
  <testcase classname="testScripts.HeaderTest" name="headerSearch" time="0">
    <failure type="java.lang.NullPointerException">java.lang.NullPointerException
	at objectRepository.Header.conductSearch(Header.java:84)
	at testScripts.HeaderTest.headerSearch(HeaderTest.java:27)
</failure>
  </testcase>
  <testcase classname="testScripts.HealthCoachingTest" name="openInfoSess" time="0">
    <failure type="java.lang.NullPointerException">java.lang.NullPointerException
	at testScripts.HealthCoachingTest.openInfoSess(HealthCoachingTest.java:19)
</failure>
  </testcase>
  <testcase classname="testScripts.HealthCoachingTest" name="countryFlagMatch" time="0">
    <skipped/>
  </testcase>
  <testcase classname="testScripts.HealthCoachingTest" name="openInfoSess" time="0">
    <skipped/>
  </testcase>
  <testcase classname="testScripts.HealthCoachingTest" name="emailValidation" time="0.001">
    <skipped/>
  </testcase>
  <testcase classname="testScripts.HealthCoachingTest" name="openInfoSess" time="0.003">
    <skipped/>
  </testcase>
  <testcase classname="testScripts.HealthCoachingTest" name="nameValidation" time="0.001">
    <skipped/>
  </testcase>
  <testcase classname="testScripts.HealthCoachingTest" name="openInfoSess" time="0.002">
    <skipped/>
  </testcase>
  <testcase classname="testScripts.HealthCoachingTest" name="submitFormNoPhone" time="0.007">
    <skipped/>
  </testcase>
  <testcase classname="testScripts.HealthCoachingTest" name="openInfoSess" time="0.008">
    <skipped/>
  </testcase>
  <testcase classname="testScripts.HealthCoachingTest" name="submitFormWithPhone" time="0">
    <skipped/>
  </testcase>
  <testcase classname="testScripts.HomePageTest" name="bannerDisplayed" time="0">
    <failure type="java.lang.NullPointerException">java.lang.NullPointerException
	at testScripts.HomePageTest.bannerDisplayed(HomePageTest.java:16)
</failure>
  </testcase>
  <testcase classname="testScripts.InfoSessionTest" name="openInfoSess" time="0">
    <failure type="java.lang.NullPointerException">java.lang.NullPointerException
	at testScripts.InfoSessionTest.openInfoSess(InfoSessionTest.java:18)
</failure>
  </testcase>
  <testcase classname="testScripts.InfoSessionTest" name="countryFlagMatch" time="0">
    <skipped/>
  </testcase>
  <testcase classname="testScripts.InfoSessionTest" name="openInfoSess" time="0">
    <skipped/>
  </testcase>
  <testcase classname="testScripts.InfoSessionTest" name="emailValidation" time="0">
    <skipped/>
  </testcase>
  <testcase classname="testScripts.InfoSessionTest" name="openInfoSess" time="0">
    <skipped/>
  </testcase>
  <testcase classname="testScripts.InfoSessionTest" name="nameValidation" time="0">
    <skipped/>
  </testcase>
  <testcase classname="testScripts.PageLeadTest" name="clearCookies" time="0">
    <failure type="java.lang.NullPointerException">java.lang.NullPointerException
	at testScripts.PageLeadTest.clearCookies(PageLeadTest.java:15)
</failure>
  </testcase>
  <testcase classname="testScripts.PageLeadTest" name="bannerDisplayed" time="0">
    <skipped/>
  </testcase>
  <testcase classname="testScripts.PageLeadTest" name="clearCookies" time="0">
    <skipped/>
  </testcase>
  <testcase classname="testScripts.PageLeadTest" name="bannerDisplayedD" time="0">
    <skipped/>
  </testcase>
  <testcase classname="testScripts.PageLeadTest" name="clearCookies" time="0">
    <skipped/>
  </testcase>
  <testcase classname="testScripts.PageLeadTest" name="bannerDisplayedR" time="0">
    <skipped/>
  </testcase>
  <testcase classname="testScripts.PageLeadTest" name="clearCookies" time="0">
    <skipped/>
  </testcase>
  <testcase classname="testScripts.PageLeadTest" name="countryFlagMatch" time="0">
    <skipped/>
  </testcase>
  <testcase classname="testScripts.PageLeadTest" name="clearCookies" time="0">
    <skipped/>
  </testcase>
  <testcase classname="testScripts.PageLeadTest" name="countryFlagMatchD" time="0.001">
    <skipped/>
  </testcase>
  <testcase classname="testScripts.PageLeadTest" name="clearCookies" time="0.001">
    <skipped/>
  </testcase>
  <testcase classname="testScripts.PageLeadTest" name="countryFlagMatchR" time="0">
    <skipped/>
  </testcase>
  <testcase classname="testScripts.PageLeadTest" name="clearCookies" time="0.004">
    <skipped/>
  </testcase>
  <testcase classname="testScripts.PageLeadTest" name="emailValidation" time="0">
    <skipped/>
  </testcase>
  <testcase classname="testScripts.PageLeadTest" name="clearCookies" time="0">
    <skipped/>
  </testcase>
  <testcase classname="testScripts.PageLeadTest" name="emailValidationD" time="0">
    <skipped/>
  </testcase>
  <testcase classname="testScripts.PageLeadTest" name="clearCookies" time="0">
    <skipped/>
  </testcase>
  <testcase classname="testScripts.PageLeadTest" name="emailValidationR" time="0">
    <skipped/>
  </testcase>
  <testcase classname="testScripts.PageLeadTest" name="clearCookies" time="0.001">
    <skipped/>
  </testcase>
  <testcase classname="testScripts.PageLeadTest" name="formSubmit" time="0">
    <skipped/>
  </testcase>
  <testcase classname="testScripts.PageLeadTest" name="clearCookies" time="0">
    <skipped/>
  </testcase>
  <testcase classname="testScripts.PageLeadTest" name="formSubmitD" time="0">
    <skipped/>
  </testcase>
  <testcase classname="testScripts.PageLeadTest" name="clearCookies" time="0">
    <skipped/>
  </testcase>
  <testcase classname="testScripts.PageLeadTest" name="formSubmitR" time="0">
    <skipped/>
  </testcase>
  <testcase classname="testScripts.PageLeadTest" name="clearCookies" time="0">
    <skipped/>
  </testcase>
  <testcase classname="testScripts.PageLeadTest" name="nameValidation" time="0">
    <skipped/>
  </testcase>
  <testcase classname="testScripts.PageLeadTest" name="clearCookies" time="0.003">
    <skipped/>
  </testcase>
  <testcase classname="testScripts.PageLeadTest" name="nameValidationD" time="0">
    <skipped/>
  </testcase>
  <testcase classname="testScripts.PageLeadTest" name="clearCookies" time="0">
    <skipped/>
  </testcase>
  <testcase classname="testScripts.PageLeadTest" name="nameValidationR" time="0">
    <skipped/>
  </testcase>
  <testcase classname="testScripts.SampleClassModuleTest" name="openSCMpage" time="0">
    <failure type="java.lang.NullPointerException">java.lang.NullPointerException
	at testScripts.SampleClassModuleTest.openSCMpage(SampleClassModuleTest.java:16)
</failure>
  </testcase>
  <testcase classname="testScripts.SampleClassModuleTest" name="bannerDisplayed" time="0">
    <skipped/>
  </testcase>
  <testcase classname="testScripts.SampleClassModuleTest" name="openSCMpage" time="0">
    <skipped/>
  </testcase>
  <testcase classname="testScripts.SampleClassModuleTest" name="videoPlay" time="0">
    <skipped/>
  </testcase>
  <testcase classname="testScripts.ThankYouPagesTest" name="classTyBanner" time="0">
    <failure type="java.lang.NullPointerException">java.lang.NullPointerException
	at testScripts.ThankYouPagesTest.classTyBanner(ThankYouPagesTest.java:18)
</failure>
  </testcase>
  <testcase classname="testScripts.ThankYouPagesTest" name="classTyPlay" time="0.017">
    <failure type="java.lang.NullPointerException">java.lang.NullPointerException
	at testScripts.ThankYouPagesTest.classTyPlay(ThankYouPagesTest.java:29)
</failure>
  </testcase>
  <testcase classname="testScripts.ThankYouPagesTest" name="guideTyBanner" time="0.001">
    <failure type="java.lang.NullPointerException">java.lang.NullPointerException
	at testScripts.ThankYouPagesTest.guideTyBanner(ThankYouPagesTest.java:48)
</failure>
  </testcase>
  <testcase classname="testScripts.ThankYouPagesTest" name="guideTyPlay" time="0.001">
    <failure type="java.lang.NullPointerException">java.lang.NullPointerException
	at testScripts.ThankYouPagesTest.guideTyPlay(ThankYouPagesTest.java:59)
</failure>
  </testcase>
</testsuite>