<?xml version="1.0" encoding="UTF-8" ?>
<testsuite tests="63" failures="63" name="TestSuite" time="0.163" errors="0" skipped="0">
  <properties>
    <property name="java.runtime.name" value="Java(TM) SE Runtime Environment"/>
    <property name="sun.boot.library.path" value="C:\Program Files\Java\jdk1.8.0_91\jre\bin"/>
    <property name="java.vm.version" value="25.91-b15"/>
    <property name="java.vm.vendor" value="Oracle Corporation"/>
    <property name="maven.multiModuleProjectDirectory" value="C:\Users\ratib_000\Documents\Work\IIN\marketingRegression"/>
    <property name="java.vendor.url" value="http://java.oracle.com/"/>
    <property name="path.separator" value=";"/>
    <property name="guice.disable.misplaced.annotation.check" value="true"/>
    <property name="java.vm.name" value="Java HotSpot(TM) 64-Bit Server VM"/>
    <property name="file.encoding.pkg" value="sun.io"/>
    <property name="user.script" value=""/>
    <property name="user.country" value="ES"/>
    <property name="sun.java.launcher" value="SUN_STANDARD"/>
    <property name="sun.os.patch.level" value=""/>
    <property name="java.vm.specification.name" value="Java Virtual Machine Specification"/>
    <property name="user.dir" value="C:\Users\ratib_000\Documents\Work\IIN\marketingRegression"/>
    <property name="java.runtime.version" value="1.8.0_91-b15"/>
    <property name="java.awt.graphicsenv" value="sun.awt.Win32GraphicsEnvironment"/>
    <property name="java.endorsed.dirs" value="C:\Program Files\Java\jdk1.8.0_91\jre\lib\endorsed"/>
    <property name="os.arch" value="amd64"/>
    <property name="java.io.tmpdir" value="C:\Users\RATIB_~1\AppData\Local\Temp\"/>
    <property name="line.separator" value="
"/>
    <property name="java.vm.specification.vendor" value="Oracle Corporation"/>
    <property name="user.variant" value=""/>
    <property name="os.name" value="Windows 10"/>
    <property name="classworlds.conf" value="C:\Users\ratib_000\workspace\.metadata\.plugins\org.eclipse.m2e.launching\launches\m2conf4911363054581894478.tmp"/>
    <property name="sun.jnu.encoding" value="Cp1252"/>
    <property name="java.library.path" value="C:\Program Files\Java\jdk1.8.0_91\bin;C:\WINDOWS\Sun\Java\bin;C:\WINDOWS\system32;C:\WINDOWS;C:/Program Files/Java/jre1.8.0_91/bin/server;C:/Program Files/Java/jre1.8.0_91/bin;C:/Program Files/Java/jre1.8.0_91/lib/amd64;C:\ProgramData\Oracle\Java\javapath;C:\Program Files (x86)\Intel\iCLS Client\;C:\Program Files\Intel\iCLS Client\;C:\WINDOWS\system32;C:\WINDOWS;C:\WINDOWS\System32\Wbem;C:\WINDOWS\System32\WindowsPowerShell\v1.0\;C:\Program Files (x86)\Intel\OpenCL SDK\2.0\bin\x86;C:\Program Files (x86)\Intel\OpenCL SDK\2.0\bin\x64;C:\Program Files\Intel\Intel(R) Management Engine Components\DAL;C:\Program Files\Intel\Intel(R) Management Engine Components\IPT;C:\Program Files (x86)\Intel\Intel(R) Management Engine Components\DAL;C:\Program Files (x86)\Intel\Intel(R) Management Engine Components\IPT;C:\Users\ratib_000\.dnx\bin;C:\Program Files\Microsoft DNX\Dnvm\;C:\Program Files\Microsoft SQL Server\120\Tools\Binn\;C:\Program Files\Microsoft SQL Server\Client SDK\ODBC\110\Tools\Binn\;C:\Program Files (x86)\Microsoft SQL Server\120\Tools\Binn\;C:\Program Files\Microsoft SQL Server\120\DTS\Binn\;C:\Program Files (x86)\Microsoft SQL Server\120\Tools\Binn\ManagementStudio\;C:\Program Files (x86)\Microsoft SQL Server\120\DTS\Binn\;C:\Program Files (x86)\Windows Kits\8.1\Windows Performance Toolkit\;C:\Program Files\Git\cmd;C:\Program Files\Git\mingw64\bin;C:\Program Files\Git\usr\bin;C:\Program Files (x86)\DevDesktop\drush;C:\Users\ratib_000\Documents\Work\IIN\apache-maven-3.3.9\bin;C:\Ruby22\bin;C:\Users\ratib_000\AppData\Local\Programs\Python\Python35\Scripts\;C:\Users\ratib_000\AppData\Local\Programs\Python\Python35\;C:\Users\ratib_000\AppData\Local\Programs\Python\Python35-32\Scripts\;C:\Users\ratib_000\AppData\Local\Programs\Python\Python35-32\;C:\WINDOWS\system32;;."/>
    <property name="java.specification.name" value="Java Platform API Specification"/>
    <property name="java.class.version" value="52.0"/>
    <property name="sun.management.compiler" value="HotSpot 64-Bit Tiered Compilers"/>
    <property name="os.version" value="10.0"/>
    <property name="user.home" value="C:\Users\ratib_000"/>
    <property name="user.timezone" value="GMT-04:00"/>
    <property name="java.awt.printerjob" value="sun.awt.windows.WPrinterJob"/>
    <property name="java.specification.version" value="1.8"/>
    <property name="file.encoding" value="Cp1252"/>
    <property name="user.name" value="ratib_000"/>
    <property name="java.class.path" value="/C:/Users/ratib_000/eclipse/testing-neon/eclipse/../../../.p2/pool/plugins/org.eclipse.m2e.maven.runtime_1.7.0.20160603-1931/jars/plexus-classworlds-2.5.2.jar"/>
    <property name="java.vm.specification.version" value="1.8"/>
    <property name="sun.arch.data.model" value="64"/>
    <property name="java.home" value="C:\Program Files\Java\jdk1.8.0_91\jre"/>
    <property name="sun.java.command" value="org.codehaus.plexus.classworlds.launcher.Launcher -B install"/>
    <property name="java.specification.vendor" value="Oracle Corporation"/>
    <property name="user.language" value="es"/>
    <property name="awt.toolkit" value="sun.awt.windows.WToolkit"/>
    <property name="java.vm.info" value="mixed mode"/>
    <property name="java.version" value="1.8.0_91"/>
    <property name="java.ext.dirs" value="C:\Program Files\Java\jdk1.8.0_91\jre\lib\ext;C:\WINDOWS\Sun\Java\lib\ext"/>
    <property name="sun.boot.class.path" value="C:\Program Files\Java\jdk1.8.0_91\jre\lib\resources.jar;C:\Program Files\Java\jdk1.8.0_91\jre\lib\rt.jar;C:\Program Files\Java\jdk1.8.0_91\jre\lib\sunrsasign.jar;C:\Program Files\Java\jdk1.8.0_91\jre\lib\jsse.jar;C:\Program Files\Java\jdk1.8.0_91\jre\lib\jce.jar;C:\Program Files\Java\jdk1.8.0_91\jre\lib\charsets.jar;C:\Program Files\Java\jdk1.8.0_91\jre\lib\jfr.jar;C:\Program Files\Java\jdk1.8.0_91\jre\classes"/>
    <property name="java.vendor" value="Oracle Corporation"/>
    <property name="maven.home" value="C:\Users\ratib_000\Documents\Work\IIN\marketingRegression\EMBEDDED"/>
    <property name="file.separator" value="\"/>
    <property name="java.vendor.url.bug" value="http://bugreport.sun.com/bugreport/"/>
    <property name="sun.cpu.endian" value="little"/>
    <property name="sun.io.unicode.encoding" value="UnicodeLittle"/>
    <property name="sun.desktop" value="windows"/>
    <property name="sun.cpu.isalist" value="amd64"/>
  </properties>
  <testcase classname="com.IntegrativeNutrition.Marketing.Tests.Web.CurriculumPageTest" name="videoPlay" time="0.021">
    <failure type="java.lang.NullPointerException">java.lang.NullPointerException
	at com.IntegrativeNutrition.Marketing.Pages.Screens.CurriculumPage(Screens.java:89)
	at com.IntegrativeNutrition.Marketing.Tests.Web.CurriculumPageTest.videoPlay(CurriculumPageTest.java:13)
</failure>
    <system-out>Configuring TestNG with: org.apache.maven.surefire.testng.conf.TestNG652Configurator@41a4555e
null
</system-out>
  </testcase>
  <testcase classname="com.IntegrativeNutrition.Marketing.Tests.Web.PaidLeadTest" name="formSubmitD" time="0.004">
    <failure type="java.lang.NullPointerException">java.lang.NullPointerException
	at com.IntegrativeNutrition.Marketing.Pages.Screens.SampleNutritionClassPage_d(Screens.java:161)
	at com.IntegrativeNutrition.Marketing.Tests.Web.PaidLeadTest.formSubmitD(PaidLeadTest.java:192)
</failure>
    <system-out>null
</system-out>
  </testcase>
  <testcase classname="com.IntegrativeNutrition.Marketing.Tests.Web.AboutUsTest" name="assertAboutOurFounderIsDisplayed" time="0.002">
    <failure type="java.lang.NullPointerException">java.lang.NullPointerException
	at com.IntegrativeNutrition.Marketing.Pages.Screens.AboutUsPage(Screens.java:44)
	at com.IntegrativeNutrition.Marketing.Tests.Web.AboutUsTest.assertAboutOurFounderIsDisplayed(AboutUsTest.java:29)
</failure>
    <system-out>null
</system-out>
  </testcase>
  <testcase classname="com.IntegrativeNutrition.Marketing.Tests.Web.AboutUsTest" name="assertBannerIsDisplayed" time="0.015">
    <failure type="java.lang.NullPointerException">java.lang.NullPointerException
	at com.IntegrativeNutrition.Marketing.Pages.Screens.AboutUsPage(Screens.java:44)
	at com.IntegrativeNutrition.Marketing.Tests.Web.AboutUsTest.assertBannerIsDisplayed(AboutUsTest.java:15)
</failure>
  </testcase>
  <testcase classname="com.IntegrativeNutrition.Marketing.Tests.Web.AboutUsTest" name="assertOurBoardOfAdvisorsIsDisplayed" time="0.014">
    <failure type="java.lang.NullPointerException">java.lang.NullPointerException
	at com.IntegrativeNutrition.Marketing.Pages.Screens.AboutUsPage(Screens.java:44)
	at com.IntegrativeNutrition.Marketing.Tests.Web.AboutUsTest.assertOurBoardOfAdvisorsIsDisplayed(AboutUsTest.java:43)
</failure>
  </testcase>
  <testcase classname="com.IntegrativeNutrition.Marketing.Tests.Web.AboutUsTest" name="assertOurCoreValuesIsDisplayed" time="0.003">
    <failure type="java.lang.NullPointerException">java.lang.NullPointerException
	at com.IntegrativeNutrition.Marketing.Pages.Screens.AboutUsPage(Screens.java:44)
	at com.IntegrativeNutrition.Marketing.Tests.Web.AboutUsTest.assertOurCoreValuesIsDisplayed(AboutUsTest.java:36)
</failure>
  </testcase>
  <testcase classname="com.IntegrativeNutrition.Marketing.Tests.Web.AboutUsTest" name="assertOurHistoryIsDisplayed" time="0.003">
    <failure type="java.lang.NullPointerException">java.lang.NullPointerException
	at com.IntegrativeNutrition.Marketing.Pages.Screens.AboutUsPage(Screens.java:44)
	at com.IntegrativeNutrition.Marketing.Tests.Web.AboutUsTest.assertOurHistoryIsDisplayed(AboutUsTest.java:22)
</failure>
  </testcase>
  <testcase classname="com.IntegrativeNutrition.Marketing.Tests.Web.AboutUsTest" name="videoPlay" time="0.003">
    <failure type="java.lang.NullPointerException">java.lang.NullPointerException
	at com.IntegrativeNutrition.Marketing.Pages.Screens.AboutUsPage(Screens.java:44)
	at com.IntegrativeNutrition.Marketing.Tests.Web.AboutUsTest.videoPlay(AboutUsTest.java:50)
</failure>
  </testcase>
  <testcase classname="com.IntegrativeNutrition.Marketing.Tests.Web.BlogTest" name="bannerDisplayed" time="0.001">
    <failure type="java.lang.NullPointerException">java.lang.NullPointerException
	at com.IntegrativeNutrition.Marketing.Pages.Screens.BlogElements(Screens.java:80)
	at com.IntegrativeNutrition.Marketing.Tests.Web.BlogTest.bannerDisplayed(BlogTest.java:13)
</failure>
    <system-out>null
null
</system-out>
  </testcase>
  <testcase classname="com.IntegrativeNutrition.Marketing.Tests.Web.BlogTest" name="submitFormNoPhone" time="0.006">
    <failure type="java.lang.NullPointerException">java.lang.NullPointerException
	at com.IntegrativeNutrition.Marketing.Pages.Screens.BlogElements(Screens.java:80)
	at com.IntegrativeNutrition.Marketing.Tests.Web.BlogTest.submitFormNoPhone(BlogTest.java:20)
</failure>
  </testcase>
  <testcase classname="com.IntegrativeNutrition.Marketing.Tests.Web.ContactUsTest" name="assertBannerIsDisplayed" time="0.002">
    <failure type="java.lang.NullPointerException">java.lang.NullPointerException
	at com.IntegrativeNutrition.Marketing.Pages.Screens.ContactUsPage(Screens.java:53)
	at com.IntegrativeNutrition.Marketing.Tests.Web.ContactUsTest.assertBannerIsDisplayed(ContactUsTest.java:16)
</failure>
    <system-out>null
null
</system-out>
  </testcase>
  <testcase classname="com.IntegrativeNutrition.Marketing.Tests.Web.ContactUsTest" name="assertContactInformationIsDisplayed" time="0.002">
    <failure type="java.lang.NullPointerException">java.lang.NullPointerException
	at com.IntegrativeNutrition.Marketing.Pages.Screens.ContactUsPage(Screens.java:53)
	at com.IntegrativeNutrition.Marketing.Tests.Web.ContactUsTest.assertContactInformationIsDisplayed(ContactUsTest.java:30)
</failure>
  </testcase>
  <testcase classname="com.IntegrativeNutrition.Marketing.Tests.Web.ContactUsTest" name="assertLetsConnectIsDisplayed" time="0.001">
    <failure type="java.lang.NullPointerException">java.lang.NullPointerException
	at com.IntegrativeNutrition.Marketing.Pages.Screens.ContactUsPage(Screens.java:53)
	at com.IntegrativeNutrition.Marketing.Tests.Web.ContactUsTest.assertLetsConnectIsDisplayed(ContactUsTest.java:23)
</failure>
  </testcase>
  <testcase classname="com.IntegrativeNutrition.Marketing.Tests.Web.ContactUsTest" name="verifyForm" time="0.001">
    <failure type="java.lang.NullPointerException">java.lang.NullPointerException
	at com.IntegrativeNutrition.Marketing.Pages.Screens.ContactUsPage(Screens.java:53)
	at com.IntegrativeNutrition.Marketing.Tests.Web.ContactUsTest.verifyForm(ContactUsTest.java:37)
</failure>
  </testcase>
  <testcase classname="com.IntegrativeNutrition.Marketing.Tests.Web.CurriculumPageTest" name="submitFormNoPhone" time="0.007">
    <failure type="java.lang.NullPointerException">java.lang.NullPointerException
	at com.IntegrativeNutrition.Marketing.Pages.Forms.inputName(Forms.java:104)
	at com.IntegrativeNutrition.Marketing.Tests.Web.CurriculumPageTest.submitFormNoPhone(CurriculumPageTest.java:22)
</failure>
    <system-out>null
</system-out>
  </testcase>
  <testcase classname="com.IntegrativeNutrition.Marketing.Tests.Web.CurriculumPageTest" name="submitFormWithPhone" time="0">
    <failure type="java.lang.NullPointerException">java.lang.NullPointerException
	at com.IntegrativeNutrition.Marketing.Pages.Forms.inputName(Forms.java:104)
	at com.IntegrativeNutrition.Marketing.Tests.Web.CurriculumPageTest.submitFormWithPhone(CurriculumPageTest.java:30)
</failure>
  </testcase>
  <testcase classname="com.IntegrativeNutrition.Marketing.Tests.Web.FooterSocialMediaTest" name="assertCorrectAmazonLinkIcon" time="0.001">
    <failure type="java.lang.NullPointerException">java.lang.NullPointerException
	at com.IntegrativeNutrition.Marketing.Pages.Screens.Footer(Screens.java:35)
	at com.IntegrativeNutrition.Marketing.Tests.Web.FooterSocialMediaTest.assertCorrectAmazonLinkIcon(FooterSocialMediaTest.java:82)
</failure>
    <system-out>null
null
</system-out>
  </testcase>
  <testcase classname="com.IntegrativeNutrition.Marketing.Tests.Web.FooterSocialMediaTest" name="assertCorrectFacebookLinkIcon" time="0.002">
    <failure type="java.lang.NullPointerException">java.lang.NullPointerException
	at com.IntegrativeNutrition.Marketing.Pages.Screens.Footer(Screens.java:35)
	at com.IntegrativeNutrition.Marketing.Tests.Web.FooterSocialMediaTest.assertCorrectFacebookLinkIcon(FooterSocialMediaTest.java:19)
</failure>
  </testcase>
  <testcase classname="com.IntegrativeNutrition.Marketing.Tests.Web.FooterSocialMediaTest" name="assertCorrectGooglePlusLinkIcon" time="0.001">
    <failure type="java.lang.NullPointerException">java.lang.NullPointerException
	at com.IntegrativeNutrition.Marketing.Pages.Screens.Footer(Screens.java:35)
	at com.IntegrativeNutrition.Marketing.Tests.Web.FooterSocialMediaTest.assertCorrectGooglePlusLinkIcon(FooterSocialMediaTest.java:73)
</failure>
  </testcase>
  <testcase classname="com.IntegrativeNutrition.Marketing.Tests.Web.FooterSocialMediaTest" name="assertCorrectInstagramLinkIcon" time="0.001">
    <failure type="java.lang.NullPointerException">java.lang.NullPointerException
	at com.IntegrativeNutrition.Marketing.Pages.Screens.Footer(Screens.java:35)
	at com.IntegrativeNutrition.Marketing.Tests.Web.FooterSocialMediaTest.assertCorrectInstagramLinkIcon(FooterSocialMediaTest.java:28)
</failure>
  </testcase>
  <testcase classname="com.IntegrativeNutrition.Marketing.Tests.Web.FooterSocialMediaTest" name="assertCorrectLinkedInLinkIcon" time="0.006">
    <failure type="java.lang.NullPointerException">java.lang.NullPointerException
	at com.IntegrativeNutrition.Marketing.Pages.Screens.Footer(Screens.java:35)
	at com.IntegrativeNutrition.Marketing.Tests.Web.FooterSocialMediaTest.assertCorrectLinkedInLinkIcon(FooterSocialMediaTest.java:64)
</failure>
  </testcase>
  <testcase classname="com.IntegrativeNutrition.Marketing.Tests.Web.FooterSocialMediaTest" name="assertCorrectPinterestLinkIcon" time="0.001">
    <failure type="java.lang.NullPointerException">java.lang.NullPointerException
	at com.IntegrativeNutrition.Marketing.Pages.Screens.Footer(Screens.java:35)
	at com.IntegrativeNutrition.Marketing.Tests.Web.FooterSocialMediaTest.assertCorrectPinterestLinkIcon(FooterSocialMediaTest.java:55)
</failure>
  </testcase>
  <testcase classname="com.IntegrativeNutrition.Marketing.Tests.Web.FooterSocialMediaTest" name="assertCorrectTwitterLinkIcon" time="0.004">
    <failure type="java.lang.NullPointerException">java.lang.NullPointerException
	at com.IntegrativeNutrition.Marketing.Pages.Screens.Footer(Screens.java:35)
	at com.IntegrativeNutrition.Marketing.Tests.Web.FooterSocialMediaTest.assertCorrectTwitterLinkIcon(FooterSocialMediaTest.java:37)
</failure>
  </testcase>
  <testcase classname="com.IntegrativeNutrition.Marketing.Tests.Web.FooterSocialMediaTest" name="assertCorrectYouTubeLinkIcon" time="0.001">
    <failure type="java.lang.NullPointerException">java.lang.NullPointerException
	at com.IntegrativeNutrition.Marketing.Pages.Screens.Footer(Screens.java:35)
	at com.IntegrativeNutrition.Marketing.Tests.Web.FooterSocialMediaTest.assertCorrectYouTubeLinkIcon(FooterSocialMediaTest.java:46)
</failure>
  </testcase>
  <testcase classname="com.IntegrativeNutrition.Marketing.Tests.Web.HeaderTest" name="assertHeaderPhoneisDisplayed" time="0.001">
    <failure type="java.lang.NullPointerException">java.lang.NullPointerException
	at com.IntegrativeNutrition.Marketing.Pages.Screens.Header(Screens.java:71)
	at com.IntegrativeNutrition.Marketing.Tests.Web.HeaderTest.assertHeaderPhoneisDisplayed(HeaderTest.java:15)
</failure>
    <system-out>null
null
</system-out>
  </testcase>
  <testcase classname="com.IntegrativeNutrition.Marketing.Tests.Web.HeaderTest" name="headerAboutUs" time="0.001">
    <failure type="java.lang.NullPointerException">java.lang.NullPointerException
	at com.IntegrativeNutrition.Marketing.Pages.Screens.Header(Screens.java:71)
	at com.IntegrativeNutrition.Marketing.Tests.Web.HeaderTest.headerAboutUs(HeaderTest.java:88)
</failure>
  </testcase>
  <testcase classname="com.IntegrativeNutrition.Marketing.Tests.Web.HeaderTest" name="headerContactUs" time="0.002">
    <failure type="java.lang.NullPointerException">java.lang.NullPointerException
	at com.IntegrativeNutrition.Marketing.Pages.Screens.Header(Screens.java:71)
	at com.IntegrativeNutrition.Marketing.Tests.Web.HeaderTest.headerContactUs(HeaderTest.java:52)
</failure>
  </testcase>
  <testcase classname="com.IntegrativeNutrition.Marketing.Tests.Web.HeaderTest" name="headerCurric" time="0.004">
    <failure type="java.lang.NullPointerException">java.lang.NullPointerException
	at com.IntegrativeNutrition.Marketing.Pages.Screens.Header(Screens.java:71)
	at com.IntegrativeNutrition.Marketing.Tests.Web.HeaderTest.headerCurric(HeaderTest.java:61)
</failure>
  </testcase>
  <testcase classname="com.IntegrativeNutrition.Marketing.Tests.Web.HeaderTest" name="headerHealthCoach" time="0.001">
    <failure type="java.lang.NullPointerException">java.lang.NullPointerException
	at com.IntegrativeNutrition.Marketing.Pages.Screens.Header(Screens.java:71)
	at com.IntegrativeNutrition.Marketing.Tests.Web.HeaderTest.headerHealthCoach(HeaderTest.java:79)
</failure>
  </testcase>
  <testcase classname="com.IntegrativeNutrition.Marketing.Tests.Web.HeaderTest" name="headerHomeIcon" time="0.001">
    <failure type="java.lang.NullPointerException">java.lang.NullPointerException
	at com.IntegrativeNutrition.Marketing.Pages.Screens.Header(Screens.java:71)
	at com.IntegrativeNutrition.Marketing.Tests.Web.HeaderTest.headerHomeIcon(HeaderTest.java:43)
</failure>
  </testcase>
  <testcase classname="com.IntegrativeNutrition.Marketing.Tests.Web.HeaderTest" name="headerInfoSess" time="0.001">
    <failure type="java.lang.NullPointerException">java.lang.NullPointerException
	at com.IntegrativeNutrition.Marketing.Pages.Screens.Header(Screens.java:71)
	at com.IntegrativeNutrition.Marketing.Tests.Web.HeaderTest.headerInfoSess(HeaderTest.java:70)
</failure>
  </testcase>
  <testcase classname="com.IntegrativeNutrition.Marketing.Tests.Web.HeaderTest" name="headerSearch" time="0.001">
    <failure type="java.lang.NullPointerException">java.lang.NullPointerException
	at com.IntegrativeNutrition.Marketing.Pages.Screens.Header(Screens.java:71)
	at com.IntegrativeNutrition.Marketing.Tests.Web.HeaderTest.headerSearch(HeaderTest.java:22)
</failure>
  </testcase>
  <testcase classname="com.IntegrativeNutrition.Marketing.Tests.Web.HeaderTest" name="headerSearchNoResults" time="0.001">
    <failure type="java.lang.NullPointerException">java.lang.NullPointerException
	at com.IntegrativeNutrition.Marketing.Pages.Screens.Header(Screens.java:71)
	at com.IntegrativeNutrition.Marketing.Tests.Web.HeaderTest.headerSearchNoResults(HeaderTest.java:31)
</failure>
  </testcase>
  <testcase classname="com.IntegrativeNutrition.Marketing.Tests.Web.HealthCoachingTest" name="countryFlagMatch" time="0.001">
    <failure type="java.lang.NullPointerException">java.lang.NullPointerException
	at com.IntegrativeNutrition.Marketing.Pages.Screens.HealthCoachingPage(Screens.java:116)
	at com.IntegrativeNutrition.Marketing.Tests.Web.HealthCoachingTest.countryFlagMatch(HealthCoachingTest.java:38)
</failure>
    <system-out>null
null
</system-out>
  </testcase>
  <testcase classname="com.IntegrativeNutrition.Marketing.Tests.Web.HealthCoachingTest" name="emailValidation" time="0.001">
    <failure type="java.lang.NullPointerException">java.lang.NullPointerException
	at com.IntegrativeNutrition.Marketing.Pages.Screens.HealthCoachingPage(Screens.java:116)
	at com.IntegrativeNutrition.Marketing.Tests.Web.HealthCoachingTest.emailValidation(HealthCoachingTest.java:27)
</failure>
  </testcase>
  <testcase classname="com.IntegrativeNutrition.Marketing.Tests.Web.HealthCoachingTest" name="nameValidation" time="0.002">
    <failure type="java.lang.NullPointerException">java.lang.NullPointerException
	at com.IntegrativeNutrition.Marketing.Pages.Screens.HealthCoachingPage(Screens.java:116)
	at com.IntegrativeNutrition.Marketing.Tests.Web.HealthCoachingTest.nameValidation(HealthCoachingTest.java:16)
</failure>
  </testcase>
  <testcase classname="com.IntegrativeNutrition.Marketing.Tests.Web.HealthCoachingTest" name="submitFormNoPhone" time="0.001">
    <failure type="java.lang.NullPointerException">java.lang.NullPointerException
	at com.IntegrativeNutrition.Marketing.Pages.Forms.inputName(Forms.java:104)
	at com.IntegrativeNutrition.Marketing.Tests.Web.HealthCoachingTest.submitFormNoPhone(HealthCoachingTest.java:68)
</failure>
  </testcase>
  <testcase classname="com.IntegrativeNutrition.Marketing.Tests.Web.HealthCoachingTest" name="submitFormWithPhone" time="0.001">
    <failure type="java.lang.NullPointerException">java.lang.NullPointerException
	at com.IntegrativeNutrition.Marketing.Pages.Forms.inputName(Forms.java:104)
	at com.IntegrativeNutrition.Marketing.Tests.Web.HealthCoachingTest.submitFormWithPhone(HealthCoachingTest.java:76)
</failure>
  </testcase>
  <testcase classname="com.IntegrativeNutrition.Marketing.Tests.Web.HealthCoachingTest" name="videoPlay" time="0">
    <failure type="java.lang.NullPointerException">java.lang.NullPointerException
	at com.IntegrativeNutrition.Marketing.Pages.Screens.HealthCoachingPage(Screens.java:116)
	at com.IntegrativeNutrition.Marketing.Tests.Web.HealthCoachingTest.videoPlay(HealthCoachingTest.java:59)
</failure>
  </testcase>
  <testcase classname="com.IntegrativeNutrition.Marketing.Tests.Web.HomePageTest" name="videoPlay" time="0.001">
    <failure type="java.lang.NullPointerException">java.lang.NullPointerException
	at com.IntegrativeNutrition.Marketing.Pages.Screens.HomePage(Screens.java:62)
	at com.IntegrativeNutrition.Marketing.Tests.Web.HomePageTest.videoPlay(HomePageTest.java:29)
</failure>
    <system-out>null
null
</system-out>
  </testcase>
  <testcase classname="com.IntegrativeNutrition.Marketing.Tests.Web.InfoSessionTest" name="countryFlagMatch" time="0.005">
    <failure type="java.lang.NullPointerException">java.lang.NullPointerException
	at com.IntegrativeNutrition.Marketing.Pages.Screens.InfoSessionsPage(Screens.java:125)
	at com.IntegrativeNutrition.Marketing.Tests.Web.InfoSessionTest.countryFlagMatch(InfoSessionTest.java:35)
</failure>
    <system-out>null
null
</system-out>
  </testcase>
  <testcase classname="com.IntegrativeNutrition.Marketing.Tests.Web.InfoSessionTest" name="emailValidation" time="0.001">
    <failure type="java.lang.NullPointerException">java.lang.NullPointerException
	at com.IntegrativeNutrition.Marketing.Pages.Screens.InfoSessionsPage(Screens.java:125)
	at com.IntegrativeNutrition.Marketing.Tests.Web.InfoSessionTest.emailValidation(InfoSessionTest.java:24)
</failure>
  </testcase>
  <testcase classname="com.IntegrativeNutrition.Marketing.Tests.Web.InfoSessionTest" name="nameValidation" time="0.002">
    <failure type="java.lang.NullPointerException">java.lang.NullPointerException
	at com.IntegrativeNutrition.Marketing.Pages.Screens.InfoSessionsPage(Screens.java:125)
	at com.IntegrativeNutrition.Marketing.Tests.Web.InfoSessionTest.nameValidation(InfoSessionTest.java:14)
</failure>
  </testcase>
  <testcase classname="com.IntegrativeNutrition.Marketing.Tests.Web.PaidLeadTest" name="assertBannerIsDisplayed" time="0.001">
    <failure type="java.lang.NullPointerException">java.lang.NullPointerException
	at com.IntegrativeNutrition.Marketing.Pages.Screens.SampleNutritionClassPage(Screens.java:143)
	at com.IntegrativeNutrition.Marketing.Tests.Web.PaidLeadTest.assertBannerIsDisplayed(PaidLeadTest.java:21)
</failure>
    <system-out>null
</system-out>
  </testcase>
  <testcase classname="com.IntegrativeNutrition.Marketing.Tests.Web.PaidLeadTest" name="bannerDisplayedD" time="0.001">
    <failure type="java.lang.NullPointerException">java.lang.NullPointerException
	at com.IntegrativeNutrition.Marketing.Pages.Screens.SampleNutritionClassPage_d(Screens.java:161)
	at com.IntegrativeNutrition.Marketing.Tests.Web.PaidLeadTest.bannerDisplayedD(PaidLeadTest.java:147)
</failure>
  </testcase>
  <testcase classname="com.IntegrativeNutrition.Marketing.Tests.Web.PaidLeadTest" name="bannerDisplayedR" time="0.002">
    <failure type="java.lang.NullPointerException">java.lang.NullPointerException
	at com.IntegrativeNutrition.Marketing.Pages.Screens.SampleNutritionClassPage_r(Screens.java:152)
	at com.IntegrativeNutrition.Marketing.Tests.Web.PaidLeadTest.bannerDisplayedR(PaidLeadTest.java:86)
</failure>
  </testcase>
  <testcase classname="com.IntegrativeNutrition.Marketing.Tests.Web.PaidLeadTest" name="countryFlagMatch" time="0">
    <failure type="java.lang.NullPointerException">java.lang.NullPointerException
	at com.IntegrativeNutrition.Marketing.Pages.Screens.SampleNutritionClassPage(Screens.java:143)
	at com.IntegrativeNutrition.Marketing.Tests.Web.PaidLeadTest.countryFlagMatch(PaidLeadTest.java:51)
</failure>
  </testcase>
  <testcase classname="com.IntegrativeNutrition.Marketing.Tests.Web.PaidLeadTest" name="countryFlagMatchD" time="0.001">
    <failure type="java.lang.NullPointerException">java.lang.NullPointerException
	at com.IntegrativeNutrition.Marketing.Pages.Screens.SampleNutritionClassPage_d(Screens.java:161)
	at com.IntegrativeNutrition.Marketing.Tests.Web.PaidLeadTest.countryFlagMatchD(PaidLeadTest.java:176)
</failure>
  </testcase>
  <testcase classname="com.IntegrativeNutrition.Marketing.Tests.Web.PaidLeadTest" name="countryFlagMatchR" time="0.001">
    <failure type="java.lang.NullPointerException">java.lang.NullPointerException
	at com.IntegrativeNutrition.Marketing.Pages.Screens.SampleNutritionClassPage_r(Screens.java:152)
	at com.IntegrativeNutrition.Marketing.Tests.Web.PaidLeadTest.countryFlagMatchR(PaidLeadTest.java:115)
</failure>
  </testcase>
  <testcase classname="com.IntegrativeNutrition.Marketing.Tests.Web.PaidLeadTest" name="emailValidation" time="0.001">
    <failure type="java.lang.NullPointerException">java.lang.NullPointerException
	at com.IntegrativeNutrition.Marketing.Pages.Screens.SampleNutritionClassPage(Screens.java:143)
	at com.IntegrativeNutrition.Marketing.Tests.Web.PaidLeadTest.emailValidation(PaidLeadTest.java:41)
</failure>
  </testcase>
  <testcase classname="com.IntegrativeNutrition.Marketing.Tests.Web.PaidLeadTest" name="emailValidationD" time="0.002">
    <failure type="java.lang.NullPointerException">java.lang.NullPointerException
	at com.IntegrativeNutrition.Marketing.Pages.Screens.SampleNutritionClassPage_d(Screens.java:161)
	at com.IntegrativeNutrition.Marketing.Tests.Web.PaidLeadTest.emailValidationD(PaidLeadTest.java:166)
</failure>
  </testcase>
  <testcase classname="com.IntegrativeNutrition.Marketing.Tests.Web.PaidLeadTest" name="emailValidationR" time="0.001">
    <failure type="java.lang.NullPointerException">java.lang.NullPointerException
	at com.IntegrativeNutrition.Marketing.Pages.Screens.SampleNutritionClassPage_r(Screens.java:152)
	at com.IntegrativeNutrition.Marketing.Tests.Web.PaidLeadTest.emailValidationR(PaidLeadTest.java:106)
</failure>
  </testcase>
  <testcase classname="com.IntegrativeNutrition.Marketing.Tests.Web.PaidLeadTest" name="formSubmit" time="0">
    <failure type="java.lang.NullPointerException">java.lang.NullPointerException
	at com.IntegrativeNutrition.Marketing.Pages.Screens.SampleNutritionClassPage(Screens.java:143)
	at com.IntegrativeNutrition.Marketing.Tests.Web.PaidLeadTest.formSubmit(PaidLeadTest.java:70)
</failure>
  </testcase>
  <testcase classname="com.IntegrativeNutrition.Marketing.Tests.Web.PaidLeadTest" name="formSubmitR" time="0.001">
    <failure type="java.lang.NullPointerException">java.lang.NullPointerException
	at com.IntegrativeNutrition.Marketing.Pages.Screens.SampleNutritionClassPage_r(Screens.java:152)
	at com.IntegrativeNutrition.Marketing.Tests.Web.PaidLeadTest.formSubmitR(PaidLeadTest.java:133)
</failure>
  </testcase>
  <testcase classname="com.IntegrativeNutrition.Marketing.Tests.Web.PaidLeadTest" name="nameValidation" time="0.001">
    <failure type="java.lang.NullPointerException">java.lang.NullPointerException
	at com.IntegrativeNutrition.Marketing.Pages.Screens.SampleNutritionClassPage(Screens.java:143)
	at com.IntegrativeNutrition.Marketing.Tests.Web.PaidLeadTest.nameValidation(PaidLeadTest.java:30)
</failure>
  </testcase>
  <testcase classname="com.IntegrativeNutrition.Marketing.Tests.Web.PaidLeadTest" name="nameValidationD" time="0.001">
    <failure type="java.lang.NullPointerException">java.lang.NullPointerException
	at com.IntegrativeNutrition.Marketing.Pages.Screens.SampleNutritionClassPage_d(Screens.java:161)
	at com.IntegrativeNutrition.Marketing.Tests.Web.PaidLeadTest.nameValidationD(PaidLeadTest.java:156)
</failure>
  </testcase>
  <testcase classname="com.IntegrativeNutrition.Marketing.Tests.Web.PaidLeadTest" name="nameValidationR" time="0.017">
    <failure type="java.lang.NullPointerException">java.lang.NullPointerException
	at com.IntegrativeNutrition.Marketing.Pages.Screens.SampleNutritionClassPage_r(Screens.java:152)
	at com.IntegrativeNutrition.Marketing.Tests.Web.PaidLeadTest.nameValidationR(PaidLeadTest.java:95)
</failure>
  </testcase>
  <testcase classname="com.IntegrativeNutrition.Marketing.Tests.Web.SampleClassModuleTest" name="bannerDisplayed" time="0">
    <failure type="java.lang.NullPointerException">java.lang.NullPointerException
	at com.IntegrativeNutrition.Marketing.Pages.Screens.SampleClassModulePage(Screens.java:134)
	at com.IntegrativeNutrition.Marketing.Tests.Web.SampleClassModuleTest.bannerDisplayed(SampleClassModuleTest.java:13)
</failure>
    <system-out>null
null
</system-out>
  </testcase>
  <testcase classname="com.IntegrativeNutrition.Marketing.Tests.Web.SampleClassModuleTest" name="videoPlay" time="0">
    <failure type="java.lang.NullPointerException">java.lang.NullPointerException
	at com.IntegrativeNutrition.Marketing.Pages.Screens.SampleClassModulePage(Screens.java:134)
	at com.IntegrativeNutrition.Marketing.Tests.Web.SampleClassModuleTest.videoPlay(SampleClassModuleTest.java:21)
</failure>
  </testcase>
  <testcase classname="com.IntegrativeNutrition.Marketing.Tests.Web.ThankYouPagesTest" name="assertBannerIsDisplayed" time="0.001">
    <failure type="java.lang.NullPointerException">java.lang.NullPointerException
	at com.IntegrativeNutrition.Marketing.Pages.Screens.GuideThankYou(Screens.java:98)
	at com.IntegrativeNutrition.Marketing.Tests.Web.ThankYouPagesTest.assertBannerIsDisplayed(ThankYouPagesTest.java:40)
</failure>
    <system-out>null
null
</system-out>
  </testcase>
  <testcase classname="com.IntegrativeNutrition.Marketing.Tests.Web.ThankYouPagesTest" name="guideTyPlay" time="0">
    <failure type="java.lang.NullPointerException">java.lang.NullPointerException
	at com.IntegrativeNutrition.Marketing.Pages.Screens.GuideThankYou(Screens.java:98)
	at com.IntegrativeNutrition.Marketing.Tests.Web.ThankYouPagesTest.guideTyPlay(ThankYouPagesTest.java:47)
</failure>
  </testcase>
  <testcase classname="com.IntegrativeNutrition.Marketing.Tests.Web.ThankYouPagesTest" name="verifyBannerIsDisplayed" time="0.001">
    <failure type="java.lang.NullPointerException">java.lang.NullPointerException
	at com.IntegrativeNutrition.Marketing.Pages.Screens.GuideThankYou(Screens.java:98)
	at com.IntegrativeNutrition.Marketing.Tests.Web.ThankYouPagesTest.verifyBannerIsDisplayed(ThankYouPagesTest.java:17)
</failure>
  </testcase>
  <testcase classname="com.IntegrativeNutrition.Marketing.Tests.Web.ThankYouPagesTest" name="videoPlay" time="0.001">
    <failure type="java.lang.NullPointerException">java.lang.NullPointerException
	at com.IntegrativeNutrition.Marketing.Pages.Screens.ClassThankYou(Screens.java:107)
	at com.IntegrativeNutrition.Marketing.Tests.Web.ThankYouPagesTest.videoPlay(ThankYouPagesTest.java:25)
</failure>
  </testcase>
</testsuite>