<?xml version="1.0" encoding="UTF-8"?>
<!-- Generated by org.testng.reporters.JUnitReportReporter -->
<testsuite hostname="ratifusio-VPCEA24FM" name="com.IntegrativeNutrition.Marketing.Tests.Web.AboutUsTest" tests="9" failures="0" timestamp="2 Aug 2016 20:28:56 GMT" time="162.465" errors="0">
  <testcase name="assertOurCoreValuesIsDisplayed" time="1.662" classname="com.IntegrativeNutrition.Marketing.Tests.Web.AboutUsTest"/>
  <testcase name="assertVideoIntroTextIsDisplayed" time="5.449" classname="com.IntegrativeNutrition.Marketing.Tests.Web.AboutUsTest"/>
  <testcase name="assertOurHistoryIsDisplayed" time="1.873" classname="com.IntegrativeNutrition.Marketing.Tests.Web.AboutUsTest"/>
  <testcase name="assertAboutOurFounderIsDisplayed" time="1.808" classname="com.IntegrativeNutrition.Marketing.Tests.Web.AboutUsTest"/>
  <testcase name="assertBannerTextIsDisplayed" time="89.113" classname="com.IntegrativeNutrition.Marketing.Tests.Web.AboutUsTest"/>
  <testcase name="assertOurBoardOfAdvisorsIsDisplayed" time="1.669" classname="com.IntegrativeNutrition.Marketing.Tests.Web.AboutUsTest"/>
  <testcase name="assertBannerIsDisplayed" time="12.630" classname="com.IntegrativeNutrition.Marketing.Tests.Web.AboutUsTest"/>
  <testcase name="assertBodyTextIsDisplayed" time="29.422" classname="com.IntegrativeNutrition.Marketing.Tests.Web.AboutUsTest"/>
  <testcase name="videoPlay" time="18.839" classname="com.IntegrativeNutrition.Marketing.Tests.Web.AboutUsTest"/>
</testsuite> <!-- com.IntegrativeNutrition.Marketing.Tests.Web.AboutUsTest -->
