<?xml version="1.0" encoding="UTF-8"?>
<!-- Generated by org.testng.reporters.JUnitReportReporter -->
<testsuite hostname="MaleneCruz" name="com.IntegrativeNutrition.Marketing.Tests.Web.ThankYouPagesTest" tests="6" failures="0" timestamp="27 Jul 2016 14:45:36 GMT" time="19.503" errors="0">
  <testcase name="verifyBannerIsDisplayed" time="2.396" classname="com.IntegrativeNutrition.Marketing.Tests.Web.ThankYouPagesTest"/>
  <testcase name="assertClassBodyTextIsDisplayed" time="2.732" classname="com.IntegrativeNutrition.Marketing.Tests.Web.ThankYouPagesTest"/>
  <testcase name="verifyBannerTextIsDisplayed" time="2.455" classname="com.IntegrativeNutrition.Marketing.Tests.Web.ThankYouPagesTest"/>
  <testcase name="assertBannerIsDisplayed" time="6.394" classname="com.IntegrativeNutrition.Marketing.Tests.Web.ThankYouPagesTest"/>
  <testcase name="assertBannerTextIsDisplayed" time="3.269" classname="com.IntegrativeNutrition.Marketing.Tests.Web.ThankYouPagesTest"/>
  <testcase name="assertGuideBodyTextIsDisplayed" time="2.257" classname="com.IntegrativeNutrition.Marketing.Tests.Web.ThankYouPagesTest"/>
</testsuite> <!-- com.IntegrativeNutrition.Marketing.Tests.Web.ThankYouPagesTest -->
