<?xml version="1.0" encoding="UTF-8"?>
<!-- Generated by org.testng.reporters.JUnitReportReporter -->
<testsuite hostname="MaleneCruz" name="com.IntegrativeNutrition.Marketing.Tests.Web.ContactUsTest" tests="2" failures="0" timestamp="27 Jul 2016 17:48:02 GMT" time="5.179" errors="0">
  <testcase name="assertBannerTextIsDisplayed" time="1.691" classname="com.IntegrativeNutrition.Marketing.Tests.Web.ContactUsTest"/>
  <testcase name="assertBannerIsDisplayed" time="3.488" classname="com.IntegrativeNutrition.Marketing.Tests.Web.ContactUsTest"/>
</testsuite> <!-- com.IntegrativeNutrition.Marketing.Tests.Web.ContactUsTest -->
