<?xml version="1.0" encoding="UTF-8"?>
<!-- Generated by org.testng.reporters.JUnitReportReporter -->
<testsuite hostname="MaleneCruz" name="com.IntegrativeNutrition.Marketing.Tests.Web.HealthCoachingTest" tests="6" failures="0" timestamp="11 Jul 2016 03:59:57 GMT" time="59.816" errors="0">
  <testcase name="videoPlay" time="13.724" classname="com.IntegrativeNutrition.Marketing.Tests.Web.HealthCoachingTest"/>
  <testcase name="countryFlagMatch" time="16.268" classname="com.IntegrativeNutrition.Marketing.Tests.Web.HealthCoachingTest"/>
  <testcase name="submitFormWithPhone" time="10.351" classname="com.IntegrativeNutrition.Marketing.Tests.Web.HealthCoachingTest"/>
  <testcase name="emailValidation" time="4.152" classname="com.IntegrativeNutrition.Marketing.Tests.Web.HealthCoachingTest"/>
  <testcase name="submitFormNoPhone" time="7.450" classname="com.IntegrativeNutrition.Marketing.Tests.Web.HealthCoachingTest"/>
  <testcase name="nameValidation" time="7.871" classname="com.IntegrativeNutrition.Marketing.Tests.Web.HealthCoachingTest"/>
</testsuite> <!-- com.IntegrativeNutrition.Marketing.Tests.Web.HealthCoachingTest -->
