<?xml version="1.0" encoding="UTF-8"?>
<!-- Generated by org.testng.reporters.JUnitReportReporter -->
<testsuite hostname="MaleneCruz" name="com.IntegrativeNutrition.Marketing.Tests.Web.BlogTest" tests="2" failures="0" timestamp="10 Jul 2016 06:34:06 GMT" time="45.052" errors="0">
  <testcase name="submitFormNoPhone" time="22.883" classname="com.IntegrativeNutrition.Marketing.Tests.Web.BlogTest"/>
  <testcase name="bannerDisplayed" time="22.169" classname="com.IntegrativeNutrition.Marketing.Tests.Web.BlogTest"/>
</testsuite> <!-- com.IntegrativeNutrition.Marketing.Tests.Web.BlogTest -->
