<?xml version="1.0" encoding="UTF-8"?>
<!-- Generated by org.testng.reporters.JUnitReportReporter -->
<testsuite hostname="MaleneCruz" name="com.IntegrativeNutrition.Marketing.Tests.Web.AboutUsTest" tests="6" failures="0" timestamp="10 Jul 2016 03:20:50 GMT" time="215.596" errors="0">
  <testcase name="videoPlay" time="143.130" classname="com.IntegrativeNutrition.Marketing.Tests.Web.AboutUsTest"/>
  <testcase name="assertOurBoardOfAdvisorsIsDisplayed" time="3.105" classname="com.IntegrativeNutrition.Marketing.Tests.Web.AboutUsTest"/>
  <testcase name="assertBannerIsDisplayed" time="10.225" classname="com.IntegrativeNutrition.Marketing.Tests.Web.AboutUsTest"/>
  <testcase name="assertOurCoreValuesIsDisplayed" time="2.263" classname="com.IntegrativeNutrition.Marketing.Tests.Web.AboutUsTest"/>
  <testcase name="assertOurHistoryIsDisplayed" time="2.531" classname="com.IntegrativeNutrition.Marketing.Tests.Web.AboutUsTest"/>
  <testcase name="assertAboutOurFounderIsDisplayed" time="54.342" classname="com.IntegrativeNutrition.Marketing.Tests.Web.AboutUsTest"/>
</testsuite> <!-- com.IntegrativeNutrition.Marketing.Tests.Web.AboutUsTest -->
