<?xml version="1.0" encoding="UTF-8"?>
<!-- Generated by org.testng.reporters.JUnitReportReporter -->
<testsuite hostname="MaleneCruz" name="com.IntegrativeNutrition.Marketing.Tests.Web.AboutUsTest" tests="8" failures="0" timestamp="2 Aug 2016 06:08:06 GMT" time="21.387" errors="0">
  <testcase name="assertOurCoreValuesIsDisplayed" time="2.143" classname="com.IntegrativeNutrition.Marketing.Tests.Web.AboutUsTest"/>
  <testcase name="assertOurHistoryIsDisplayed" time="1.584" classname="com.IntegrativeNutrition.Marketing.Tests.Web.AboutUsTest"/>
  <testcase name="assertOurBoardOfAdvisorsIsDisplayed" time="1.987" classname="com.IntegrativeNutrition.Marketing.Tests.Web.AboutUsTest"/>
  <testcase name="assertBodyTextIsDisplayed" time="2.022" classname="com.IntegrativeNutrition.Marketing.Tests.Web.AboutUsTest"/>
  <testcase name="assertAboutOurFounderIsDisplayed" time="1.531" classname="com.IntegrativeNutrition.Marketing.Tests.Web.AboutUsTest"/>
  <testcase name="assertVideoIntroTextIsDisplayed" time="1.623" classname="com.IntegrativeNutrition.Marketing.Tests.Web.AboutUsTest"/>
  <testcase name="assertBannerIsDisplayed" time="8.259" classname="com.IntegrativeNutrition.Marketing.Tests.Web.AboutUsTest"/>
  <testcase name="assertBannerTextIsDisplayed" time="2.238" classname="com.IntegrativeNutrition.Marketing.Tests.Web.AboutUsTest"/>
</testsuite> <!-- com.IntegrativeNutrition.Marketing.Tests.Web.AboutUsTest -->
