<?xml version="1.0" encoding="UTF-8"?>
<!-- Generated by org.testng.reporters.JUnitReportReporter -->
<testsuite hostname="MaleneCruz" name="com.IntegrativeNutrition.Marketing.Tests.Web.HealthCoachingTest" tests="2" failures="0" timestamp="27 Jul 2016 17:48:02 GMT" time="12.225" errors="0">
  <testcase name="assertBannerTextIsDisplayed" time="1.948" classname="com.IntegrativeNutrition.Marketing.Tests.Web.HealthCoachingTest"/>
  <testcase name="assertBannerIsDisplayed" time="10.277" classname="com.IntegrativeNutrition.Marketing.Tests.Web.HealthCoachingTest"/>
</testsuite> <!-- com.IntegrativeNutrition.Marketing.Tests.Web.HealthCoachingTest -->
