<?xml version="1.0" encoding="UTF-8"?>
<!-- Generated by org.testng.reporters.JUnitReportReporter -->
<testsuite hostname="MaleneCruz" name="com.IntegrativeNutrition.Marketing.Tests.Web.FooterSocialMediaTest" tests="3" failures="0" timestamp="27 Jul 2016 17:48:02 GMT" time="24.297" errors="0">
  <testcase name="assertInternationalPhoneNumberIsDisplayed" time="2.026" classname="com.IntegrativeNutrition.Marketing.Tests.Web.FooterSocialMediaTest"/>
  <testcase name="assertLocalPhoneNumberIsDisplayed" time="14.111" classname="com.IntegrativeNutrition.Marketing.Tests.Web.FooterSocialMediaTest"/>
  <testcase name="assertFormSubmissionWorks" time="8.160" classname="com.IntegrativeNutrition.Marketing.Tests.Web.FooterSocialMediaTest"/>
</testsuite> <!-- com.IntegrativeNutrition.Marketing.Tests.Web.FooterSocialMediaTest -->
