<?xml version="1.0" encoding="UTF-8"?>
<!-- Generated by org.testng.reporters.JUnitReportReporter -->
<testsuite hostname="MaleneCruz" name="com.IntegrativeNutrition.Marketing.Tests.Web.HeaderTest" tests="10" failures="1" timestamp="13 Jul 2016 02:38:02 GMT" time="69.481" errors="0">
  <testcase name="headerHomeIcon" time="6.938" classname="com.IntegrativeNutrition.Marketing.Tests.Web.HeaderTest"/>
  <testcase name="headerCurric" time="7.113" classname="com.IntegrativeNutrition.Marketing.Tests.Web.HeaderTest"/>
  <testcase name="headerAboutUs" time="5.047" classname="com.IntegrativeNutrition.Marketing.Tests.Web.HeaderTest">
    <failure type="java.lang.AssertionError" message="expected [true] but found [false]">
      <![CDATA[java.lang.AssertionError: expected [true] but found [false]
	at org.testng.Assert.fail(Assert.java:94)
	at org.testng.Assert.failNotEquals(Assert.java:513)
	at org.testng.Assert.assertTrue(Assert.java:42)
	at org.testng.Assert.assertTrue(Assert.java:52)
	at com.IntegrativeNutrition.Marketing.Tests.Web.HeaderTest.headerAboutUs(HeaderTest.java:101)
	at sun.reflect.NativeMethodAccessorImpl.invoke0(Native Method)
	at sun.reflect.NativeMethodAccessorImpl.invoke(NativeMethodAccessorImpl.java:62)
	at sun.reflect.DelegatingMethodAccessorImpl.invoke(DelegatingMethodAccessorImpl.java:43)
	at java.lang.reflect.Method.invoke(Method.java:498)
	at org.testng.internal.MethodInvocationHelper.invokeMethod(MethodInvocationHelper.java:100)
	at org.testng.internal.Invoker.invokeMethod(Invoker.java:646)
	at org.testng.internal.Invoker.invokeTestMethod(Invoker.java:811)
	at org.testng.internal.Invoker.invokeTestMethods(Invoker.java:1129)
	at org.testng.internal.TestMethodWorker.invokeTestMethods(TestMethodWorker.java:129)
	at org.testng.internal.TestMethodWorker.run(TestMethodWorker.java:112)
	at org.testng.TestRunner.privateRun(TestRunner.java:746)
	at org.testng.TestRunner.run(TestRunner.java:600)
	at org.testng.SuiteRunner.runTest(SuiteRunner.java:366)
	at org.testng.SuiteRunner.runSequentially(SuiteRunner.java:361)
	at org.testng.SuiteRunner.privateRun(SuiteRunner.java:319)
	at org.testng.SuiteRunner.run(SuiteRunner.java:268)
	at org.testng.SuiteRunnerWorker.runSuite(SuiteRunnerWorker.java:52)
	at org.testng.SuiteRunnerWorker.run(SuiteRunnerWorker.java:86)
	at org.testng.TestNG.runSuitesSequentially(TestNG.java:1264)
	at org.testng.TestNG.runSuitesLocally(TestNG.java:1189)
	at org.testng.TestNG.runSuites(TestNG.java:1104)
	at org.testng.TestNG.run(TestNG.java:1076)
	at org.testng.remote.AbstractRemoteTestNG.run(AbstractRemoteTestNG.java:126)
	at org.testng.remote.RemoteTestNG.initAndRun(RemoteTestNG.java:152)
	at org.testng.remote.RemoteTestNG.main(RemoteTestNG.java:57)
]]>
    </failure>
  </testcase> <!-- headerAboutUs -->
  <testcase name="headerSearch" time="5.671" classname="com.IntegrativeNutrition.Marketing.Tests.Web.HeaderTest"/>
  <testcase name="headerContactUs" time="6.292" classname="com.IntegrativeNutrition.Marketing.Tests.Web.HeaderTest"/>
  <testcase name="headerEducationalPartnerships" time="9.434" classname="com.IntegrativeNutrition.Marketing.Tests.Web.HeaderTest"/>
  <testcase name="headerHealthCoach" time="6.791" classname="com.IntegrativeNutrition.Marketing.Tests.Web.HeaderTest"/>
  <testcase name="headerInfoSess" time="7.122" classname="com.IntegrativeNutrition.Marketing.Tests.Web.HeaderTest"/>
  <testcase name="assertHeaderPhoneisDisplayed" time="9.327" classname="com.IntegrativeNutrition.Marketing.Tests.Web.HeaderTest"/>
  <testcase name="headerSearchNoResults" time="5.746" classname="com.IntegrativeNutrition.Marketing.Tests.Web.HeaderTest"/>
</testsuite> <!-- com.IntegrativeNutrition.Marketing.Tests.Web.HeaderTest -->
