<?xml version="1.0" encoding="UTF-8"?>
<!-- Generated by org.testng.reporters.JUnitReportReporter -->
<testsuite hostname="MaleneCruz" name="com.IntegrativeNutrition.Marketing.Tests.Web.BlogTest" tests="2" failures="0" timestamp="27 Jul 2016 17:48:02 GMT" time="16.071" errors="0">
  <testcase name="bannerDisplayed" time="13.471" classname="com.IntegrativeNutrition.Marketing.Tests.Web.BlogTest"/>
  <testcase name="assertBannerTextIsDisplayed" time="2.600" classname="com.IntegrativeNutrition.Marketing.Tests.Web.BlogTest"/>
</testsuite> <!-- com.IntegrativeNutrition.Marketing.Tests.Web.BlogTest -->
