<?xml version="1.0" encoding="UTF-8"?>
<!-- Generated by org.testng.reporters.JUnitReportReporter -->
<testsuite hostname="ratifusio-VPCEA24FM" name="com.IntegrativeNutrition.Marketing.Tests.Web.HeaderTest" tests="3" failures="0" timestamp="3 Aug 2016 02:29:53 GMT" time="17.113" errors="0">
  <testcase name="headerHomeIcon" time="3.332" classname="com.IntegrativeNutrition.Marketing.Tests.Web.HeaderTest"/>
  <testcase name="headerSearch" time="10.584" classname="com.IntegrativeNutrition.Marketing.Tests.Web.HeaderTest"/>
  <testcase name="headerContactUs" time="3.197" classname="com.IntegrativeNutrition.Marketing.Tests.Web.HeaderTest"/>
</testsuite> <!-- com.IntegrativeNutrition.Marketing.Tests.Web.HeaderTest -->
