<?xml version="1.0" encoding="UTF-8"?>
<!-- Generated by org.testng.reporters.JUnitReportReporter -->
<testsuite hostname="MaleneCruz" name="com.IntegrativeNutrition.Marketing.Tests.Web.HeaderTest" tests="4" failures="0" timestamp="27 Jul 2016 17:48:02 GMT" time="41.587" errors="0">
  <testcase name="headerSearch" time="10.875" classname="com.IntegrativeNutrition.Marketing.Tests.Web.HeaderTest"/>
  <testcase name="assertHeaderPhoneisDisplayed" time="12.889" classname="com.IntegrativeNutrition.Marketing.Tests.Web.HeaderTest"/>
  <testcase name="headerContactUs" time="8.107" classname="com.IntegrativeNutrition.Marketing.Tests.Web.HeaderTest"/>
  <testcase name="headerHomeIcon" time="9.716" classname="com.IntegrativeNutrition.Marketing.Tests.Web.HeaderTest"/>
</testsuite> <!-- com.IntegrativeNutrition.Marketing.Tests.Web.HeaderTest -->
