<?xml version="1.0" encoding="UTF-8"?>
<!-- Generated by org.testng.reporters.JUnitReportReporter -->
<testsuite hostname="MaleneCruz" name="com.IntegrativeNutrition.Marketing.Tests.Web.SampleClassModuleTest" tests="3" failures="0" timestamp="2 Aug 2016 06:08:06 GMT" time="19.577" errors="0">
  <testcase name="bannerDisplayed" time="15.066" classname="com.IntegrativeNutrition.Marketing.Tests.Web.SampleClassModuleTest"/>
  <testcase name="bannerTextDisplayed" time="1.838" classname="com.IntegrativeNutrition.Marketing.Tests.Web.SampleClassModuleTest"/>
  <testcase name="videoIntroTextDisplayed" time="2.673" classname="com.IntegrativeNutrition.Marketing.Tests.Web.SampleClassModuleTest"/>
</testsuite> <!-- com.IntegrativeNutrition.Marketing.Tests.Web.SampleClassModuleTest -->
