<?xml version="1.0" encoding="UTF-8"?>
<!-- Generated by org.testng.reporters.JUnitReportReporter -->
<testsuite hostname="MaleneCruz" name="com.IntegrativeNutrition.Marketing.Tests.Web.SampleClassModuleTest" tests="3" failures="0" timestamp="27 Jul 2016 14:45:36 GMT" time="25.181" errors="0">
  <testcase name="bannerDisplayed" time="20.394" classname="com.IntegrativeNutrition.Marketing.Tests.Web.SampleClassModuleTest"/>
  <testcase name="videoIntroTextDisplayed" time="2.341" classname="com.IntegrativeNutrition.Marketing.Tests.Web.SampleClassModuleTest"/>
  <testcase name="bannerTextDisplayed" time="2.446" classname="com.IntegrativeNutrition.Marketing.Tests.Web.SampleClassModuleTest"/>
</testsuite> <!-- com.IntegrativeNutrition.Marketing.Tests.Web.SampleClassModuleTest -->
