<?xml version="1.0" encoding="UTF-8"?>
<!-- Generated by org.testng.reporters.JUnitReportReporter -->
<testsuite hostname="MaleneCruz" name="com.IntegrativeNutrition.Marketing.Tests.Web.HeaderTest" tests="5" failures="0" timestamp="2 Aug 2016 06:08:06 GMT" time="26.300" errors="0">
  <testcase name="headerHomeIcon" time="4.870" classname="com.IntegrativeNutrition.Marketing.Tests.Web.HeaderTest"/>
  <testcase name="headerContactUs" time="4.105" classname="com.IntegrativeNutrition.Marketing.Tests.Web.HeaderTest"/>
  <testcase name="assertHeaderPhoneisDisplayed" time="6.070" classname="com.IntegrativeNutrition.Marketing.Tests.Web.HeaderTest"/>
  <testcase name="headerSearchNoResults" time="6.070" classname="com.IntegrativeNutrition.Marketing.Tests.Web.HeaderTest"/>
  <testcase name="headerSearch" time="5.185" classname="com.IntegrativeNutrition.Marketing.Tests.Web.HeaderTest"/>
</testsuite> <!-- com.IntegrativeNutrition.Marketing.Tests.Web.HeaderTest -->
