<?xml version="1.0" encoding="UTF-8"?>
<!-- Generated by org.testng.reporters.JUnitReportReporter -->
<testsuite hostname="MaleneCruz" name="com.IntegrativeNutrition.Marketing.Tests.Web.ContactUsTest" tests="13" failures="0" timestamp="29 Jul 2016 16:43:59 GMT" time="50.089" errors="0">
  <testcase name="blankFieldsNoPhoneValidation" time="3.137" classname="com.IntegrativeNutrition.Marketing.Tests.Web.ContactUsTest"/>
  <testcase name="inquiryValidation" time="4.459" classname="com.IntegrativeNutrition.Marketing.Tests.Web.ContactUsTest"/>
  <testcase name="submitFormNoPhone" time="3.923" classname="com.IntegrativeNutrition.Marketing.Tests.Web.ContactUsTest"/>
  <testcase name="submitForm" time="6.226" classname="com.IntegrativeNutrition.Marketing.Tests.Web.ContactUsTest"/>
  <testcase name="nameValidation" time="4.001" classname="com.IntegrativeNutrition.Marketing.Tests.Web.ContactUsTest"/>
  <testcase name="assertContactInfoIsDisplayed" time="1.729" classname="com.IntegrativeNutrition.Marketing.Tests.Web.ContactUsTest"/>
  <testcase name="emailValidation" time="3.711" classname="com.IntegrativeNutrition.Marketing.Tests.Web.ContactUsTest"/>
  <testcase name="assertBannerIsDisplayed" time="3.475" classname="com.IntegrativeNutrition.Marketing.Tests.Web.ContactUsTest"/>
  <testcase name="invalidPhoneValidation" time="5.858" classname="com.IntegrativeNutrition.Marketing.Tests.Web.ContactUsTest"/>
  <testcase name="assertLetsConnectIsDisplayed" time="1.842" classname="com.IntegrativeNutrition.Marketing.Tests.Web.ContactUsTest"/>
  <testcase name="assertBannerTextIsDisplayed" time="1.733" classname="com.IntegrativeNutrition.Marketing.Tests.Web.ContactUsTest"/>
  <testcase name="invalidEmailValidation" time="4.834" classname="com.IntegrativeNutrition.Marketing.Tests.Web.ContactUsTest"/>
  <testcase name="inactiveEmailValidation" time="5.161" classname="com.IntegrativeNutrition.Marketing.Tests.Web.ContactUsTest"/>
</testsuite> <!-- com.IntegrativeNutrition.Marketing.Tests.Web.ContactUsTest -->
