<?xml version="1.0" encoding="UTF-8"?>
<!-- Generated by org.testng.reporters.JUnitReportReporter -->
<testsuite hostname="MaleneCruz" name="testScripts.HTTPstatus" tests="1" failures="0" timestamp="29 Jun 2016 13:40:56 GMT" time="0.152" errors="0">
  <testcase name="SiteStatus" time="0.152" classname="testScripts.HTTPstatus"/>
</testsuite> <!-- testScripts.HTTPstatus -->
