<?xml version="1.0" encoding="UTF-8"?>
<!-- Generated by org.testng.reporters.JUnitReportReporter -->
<testsuite hostname="MaleneCruz" name="com.IntegrativeNutrition.Marketing.Tests.Web.HeaderTest" tests="9" failures="0" timestamp="11 Jul 2016 00:44:03 GMT" time="105.153" errors="0">
  <testcase name="headerContactUs" time="7.870" classname="com.IntegrativeNutrition.Marketing.Tests.Web.HeaderTest"/>
  <testcase name="headerHomeIcon" time="6.598" classname="com.IntegrativeNutrition.Marketing.Tests.Web.HeaderTest"/>
  <testcase name="headerAboutUs" time="28.859" classname="com.IntegrativeNutrition.Marketing.Tests.Web.HeaderTest"/>
  <testcase name="headerCurric" time="9.467" classname="com.IntegrativeNutrition.Marketing.Tests.Web.HeaderTest"/>
  <testcase name="assertHeaderPhoneisDisplayed" time="22.472" classname="com.IntegrativeNutrition.Marketing.Tests.Web.HeaderTest"/>
  <testcase name="headerHealthCoach" time="8.188" classname="com.IntegrativeNutrition.Marketing.Tests.Web.HeaderTest"/>
  <testcase name="headerSearch" time="8.116" classname="com.IntegrativeNutrition.Marketing.Tests.Web.HeaderTest"/>
  <testcase name="headerInfoSess" time="8.007" classname="com.IntegrativeNutrition.Marketing.Tests.Web.HeaderTest"/>
  <testcase name="headerSearchNoResults" time="5.576" classname="com.IntegrativeNutrition.Marketing.Tests.Web.HeaderTest"/>
</testsuite> <!-- com.IntegrativeNutrition.Marketing.Tests.Web.HeaderTest -->
