<?xml version="1.0" encoding="UTF-8"?>
<!-- Generated by org.testng.reporters.JUnitReportReporter -->
<testsuite hostname="MaleneCruz" name="com.IntegrativeNutrition.Marketing.Tests.Web.HomePageTest" tests="6" failures="0" timestamp="27 Jul 2016 17:48:02 GMT" time="44.904" errors="0">
  <testcase name="assertWatchOurVideoIsPresent" time="2.689" classname="com.IntegrativeNutrition.Marketing.Tests.Web.HomePageTest"/>
  <testcase name="assertBannerIsDisplayed" time="20.231" classname="com.IntegrativeNutrition.Marketing.Tests.Web.HomePageTest"/>
  <testcase name="assertBodyCopyIsPresent" time="2.066" classname="com.IntegrativeNutrition.Marketing.Tests.Web.HomePageTest"/>
  <testcase name="assertSampleOurProgramIsPresent" time="2.554" classname="com.IntegrativeNutrition.Marketing.Tests.Web.HomePageTest"/>
  <testcase name="assertBannerTextIsDisplayed" time="3.799" classname="com.IntegrativeNutrition.Marketing.Tests.Web.HomePageTest"/>
  <testcase name="submitFormWithPhone" time="13.565" classname="com.IntegrativeNutrition.Marketing.Tests.Web.HomePageTest"/>
</testsuite> <!-- com.IntegrativeNutrition.Marketing.Tests.Web.HomePageTest -->
