<?xml version="1.0" encoding="UTF-8"?>
<!-- Generated by org.testng.reporters.JUnitReportReporter -->
<testsuite hostname="MaleneCruz" name="com.IntegrativeNutrition.Marketing.Tests.Web.ContactUsTest" tests="4" failures="0" timestamp="10 Jul 2016 06:43:55 GMT" time="23.810" errors="0">
  <testcase name="assertLetsConnectIsDisplayed" time="1.625" classname="com.IntegrativeNutrition.Marketing.Tests.Web.ContactUsTest"/>
  <testcase name="assertContactInformationIsDisplayed" time="2.239" classname="com.IntegrativeNutrition.Marketing.Tests.Web.ContactUsTest"/>
  <testcase name="verifyForm" time="10.244" classname="com.IntegrativeNutrition.Marketing.Tests.Web.ContactUsTest"/>
  <testcase name="assertBannerIsDisplayed" time="9.702" classname="com.IntegrativeNutrition.Marketing.Tests.Web.ContactUsTest"/>
</testsuite> <!-- com.IntegrativeNutrition.Marketing.Tests.Web.ContactUsTest -->
