<?xml version="1.0" encoding="UTF-8"?>
<!-- Generated by org.testng.reporters.JUnitReportReporter -->
<testsuite hostname="MaleneCruz" name="com.IntegrativeNutrition.Marketing.Tests.Web.ContactUsTest" tests="13" failures="0" timestamp="2 Aug 2016 06:08:06 GMT" time="50.904" errors="0">
  <testcase name="nameValidation" time="4.820" classname="com.IntegrativeNutrition.Marketing.Tests.Web.ContactUsTest"/>
  <testcase name="submitFormNoPhone" time="3.896" classname="com.IntegrativeNutrition.Marketing.Tests.Web.ContactUsTest"/>
  <testcase name="blankFieldsNoPhoneValidation" time="2.771" classname="com.IntegrativeNutrition.Marketing.Tests.Web.ContactUsTest"/>
  <testcase name="submitForm" time="6.183" classname="com.IntegrativeNutrition.Marketing.Tests.Web.ContactUsTest"/>
  <testcase name="assertBannerIsDisplayed" time="4.913" classname="com.IntegrativeNutrition.Marketing.Tests.Web.ContactUsTest"/>
  <testcase name="assertContactInfoIsDisplayed" time="1.696" classname="com.IntegrativeNutrition.Marketing.Tests.Web.ContactUsTest"/>
  <testcase name="assertLetsConnectIsDisplayed" time="1.627" classname="com.IntegrativeNutrition.Marketing.Tests.Web.ContactUsTest"/>
  <testcase name="inquiryValidation" time="4.627" classname="com.IntegrativeNutrition.Marketing.Tests.Web.ContactUsTest"/>
  <testcase name="assertBannerTextIsDisplayed" time="2.169" classname="com.IntegrativeNutrition.Marketing.Tests.Web.ContactUsTest"/>
  <testcase name="invalidEmailValidation" time="5.139" classname="com.IntegrativeNutrition.Marketing.Tests.Web.ContactUsTest"/>
  <testcase name="inactiveEmailValidation" time="4.187" classname="com.IntegrativeNutrition.Marketing.Tests.Web.ContactUsTest"/>
  <testcase name="emailValidation" time="4.018" classname="com.IntegrativeNutrition.Marketing.Tests.Web.ContactUsTest"/>
  <testcase name="invalidPhoneValidation" time="4.858" classname="com.IntegrativeNutrition.Marketing.Tests.Web.ContactUsTest"/>
</testsuite> <!-- com.IntegrativeNutrition.Marketing.Tests.Web.ContactUsTest -->
