<?xml version="1.0" encoding="UTF-8"?>
<!-- Generated by org.testng.reporters.JUnitReportReporter -->
<testsuite hostname="MaleneCruz" name="com.IntegrativeNutrition.Marketing.Tests.Web.CurriculumPageTest" tests="2" failures="0" timestamp="27 Jul 2016 17:48:02 GMT" time="14.536" errors="0">
  <testcase name="assertBannerIsDisplayed" time="12.336" classname="com.IntegrativeNutrition.Marketing.Tests.Web.CurriculumPageTest"/>
  <testcase name="assertBannerTextIsDisplayed" time="2.200" classname="com.IntegrativeNutrition.Marketing.Tests.Web.CurriculumPageTest"/>
</testsuite> <!-- com.IntegrativeNutrition.Marketing.Tests.Web.CurriculumPageTest -->
