<?xml version="1.0" encoding="UTF-8"?>
<!-- Generated by org.testng.reporters.JUnitReportReporter -->
<testsuite hostname="MaleneCruz" name="com.IntegrativeNutrition.Marketing.Tests.Web.InfoSessionTest" tests="2" failures="0" timestamp="27 Jul 2016 17:48:02 GMT" time="13.118" errors="0">
  <testcase name="assertBannerTextIsDisplayed" time="2.671" classname="com.IntegrativeNutrition.Marketing.Tests.Web.InfoSessionTest"/>
  <testcase name="assertBannerIsDisplayed" time="10.447" classname="com.IntegrativeNutrition.Marketing.Tests.Web.InfoSessionTest"/>
</testsuite> <!-- com.IntegrativeNutrition.Marketing.Tests.Web.InfoSessionTest -->
