<?xml version="1.0" encoding="UTF-8"?>
<!-- Generated by org.testng.reporters.JUnitReportReporter -->
<testsuite hostname="MaleneCruz" name="com.IntegrativeNutrition.Marketing.Tests.Web.CurriculumPageTest" tests="3" failures="0" timestamp="10 Jul 2016 19:23:38 GMT" time="185.822" errors="0">
  <testcase name="submitFormNoPhone" time="21.310" classname="com.IntegrativeNutrition.Marketing.Tests.Web.CurriculumPageTest"/>
  <testcase name="submitFormWithPhone" time="12.831" classname="com.IntegrativeNutrition.Marketing.Tests.Web.CurriculumPageTest"/>
  <testcase name="videoPlay" time="151.681" classname="com.IntegrativeNutrition.Marketing.Tests.Web.CurriculumPageTest"/>
</testsuite> <!-- com.IntegrativeNutrition.Marketing.Tests.Web.CurriculumPageTest -->
