<?xml version="1.0" encoding="UTF-8"?>
<!-- Generated by org.testng.reporters.JUnitReportReporter -->
<testsuite hostname="MaleneCruz" name="com.IntegrativeNutrition.Marketing.Tests.Web.HomePageTest" tests="3" failures="0" timestamp="10 Jul 2016 02:28:36 GMT" time="57.973" errors="0">
  <testcase name="assertSampleProgramButtonTriggersScroll" time="5.853" classname="com.IntegrativeNutrition.Marketing.Tests.Web.HomePageTest"/>
  <testcase name="videoPlay" time="33.851" classname="com.IntegrativeNutrition.Marketing.Tests.Web.HomePageTest"/>
  <testcase name="assertBannerIsDisplayed" time="18.269" classname="com.IntegrativeNutrition.Marketing.Tests.Web.HomePageTest"/>
</testsuite> <!-- com.IntegrativeNutrition.Marketing.Tests.Web.HomePageTest -->
